2021-06-17T13:48:06.111Z [winston log] [31merror[39m: 404, not found
2021-06-17T16:13:39.368Z [winston log] [31merror[39m: [object Object]
2021-06-17T16:13:48.924Z [winston log] [31merror[39m: undefined
2021-06-17T16:14:42.599Z [winston log] [31merror[39m: undefined
2021-06-17T16:14:42.599Z [winston log] [31merror[39m: undefined
2021-06-17T16:20:18.289Z [winston log] [31merror[39m: winston is not defined
2021-06-17T16:20:40.278Z [winston log] [31merror[39m: undefined
2021-06-17T16:20:40.279Z [winston log] [31merror[39m: undefined
2021-06-17T16:23:41.062Z [winston log] [31merror[39m: undefined
2021-06-17T16:23:41.062Z [winston log] [31merror[39m: wfab34assdfsfasdfASD3423
2021-06-17T16:25:54.167Z [winston log] [31merror[39m: undefined
2021-06-17T16:25:54.168Z [winston log] [31merror[39m: wfab34assdfsfasdfASD3423
2021-06-17T16:26:19.527Z [winston log] [31merror[39m: undefined
2021-06-17T16:26:19.528Z [winston log] [31merror[39m: wfab34assdfsfasdfASD3423
2021-06-17T16:26:31.517Z [winston log] [31merror[39m: undefined
2021-06-17T16:26:31.518Z [winston log] [31merror[39m: wfab34assdfsfasdfASD3423
2021-06-17T16:26:56.471Z [winston log] [31merror[39m: admin@admin.com
2021-06-17T16:26:56.472Z [winston log] [31merror[39m: wfab34assdfsfasdfASD3423
2021-06-17T16:27:02.948Z [winston log] [31merror[39m: undefined
2021-06-17T16:27:02.949Z [winston log] [31merror[39m: wfab34assdfsfasdfASD3423
2021-06-17T16:27:32.820Z [winston log] [31merror[39m: undefined
2021-06-17T16:27:32.821Z [winston log] [31merror[39m: wfab34assdfsfasdfASD3423
2021-06-17T16:27:40.085Z [winston log] [31merror[39m: 60cb67e8dbd1934fa41bf80e
2021-06-17T16:27:40.086Z [winston log] [31merror[39m: wfab34assdfsfasdfASD3423
2021-06-17T16:27:52.084Z [winston log] [31merror[39m: asdfasdf adsfasdf
2021-06-17T16:27:52.085Z [winston log] [31merror[39m: wfab34assdfsfasdfASD3423
2021-06-17T16:29:13.307Z [winston log] [31merror[39m: undefined
2021-06-17T16:29:13.308Z [winston log] [31merror[39m: wfab34assdfsfasdfASD3423
2021-06-17T16:29:13.308Z [winston log] [31merror[39m: 900
2021-06-17T16:29:51.814Z [winston log] [31merror[39m: [object Object]
2021-06-17T16:29:51.815Z [winston log] [31merror[39m: wfab34assdfsfasdfASD3423
2021-06-17T16:29:51.815Z [winston log] [31merror[39m: 900
2021-06-17T16:30:43.678Z [winston log] [31merror[39m: wfab34assdfsfasdfASD3423
2021-06-17T16:30:43.679Z [winston log] [31merror[39m: 900
2021-06-17T16:31:00.533Z [winston log] [31merror[39m: wfab34assdfsfasdfASD3423
2021-06-17T16:31:00.534Z [winston log] [31merror[39m: 900
2021-06-17T16:33:40.583Z [winston log] [31merror[39m: wfab34assdfsfasdfASD3423
2021-06-17T16:33:40.584Z [winston log] [31merror[39m: 900
2021-06-17T16:34:47.331Z [winston log] [31merror[39m: wfab34assdfsfasdfASD3423
2021-06-17T16:34:47.331Z [winston log] [31merror[39m: 900
2021-06-17T16:35:33.932Z [winston log] [31merror[39m: wfab34assdfsfasdfASD3423
2021-06-17T16:35:33.933Z [winston log] [31merror[39m: 900
2021-06-17T16:35:35.114Z [winston log] [31merror[39m: wfab34assdfsfasdfASD3423
2021-06-17T16:35:35.114Z [winston log] [31merror[39m: 900
2021-06-17T16:35:35.825Z [winston log] [31merror[39m: wfab34assdfsfasdfASD3423
2021-06-17T16:35:35.825Z [winston log] [31merror[39m: 900
2021-06-17T16:35:36.016Z [winston log] [31merror[39m: wfab34assdfsfasdfASD3423
2021-06-17T16:35:36.016Z [winston log] [31merror[39m: 900
2021-06-17T16:35:36.176Z [winston log] [31merror[39m: wfab34assdfsfasdfASD3423
2021-06-17T16:35:36.177Z [winston log] [31merror[39m: 900
2021-06-17T16:35:36.463Z [winston log] [31merror[39m: wfab34assdfsfasdfASD3423
2021-06-17T16:35:36.464Z [winston log] [31merror[39m: 900
2021-06-17T16:35:36.663Z [winston log] [31merror[39m: wfab34assdfsfasdfASD3423
2021-06-17T16:35:36.664Z [winston log] [31merror[39m: 900
2021-06-17T16:35:37.007Z [winston log] [31merror[39m: wfab34assdfsfasdfASD3423
2021-06-17T16:35:37.008Z [winston log] [31merror[39m: 900
2021-06-17T16:35:41.779Z [winston log] [31merror[39m: wfab34assdfsfasdfASD3423
2021-06-17T16:35:41.779Z [winston log] [31merror[39m: 900
2021-06-17T16:51:02.101Z [winston log] [31merror[39m: wfab34assdfsfasdfASD3423
2021-06-17T16:51:02.102Z [winston log] [31merror[39m: 900
2021-06-17T16:52:02.237Z [winston log] [31merror[39m: wfab34assdfsfasdfASD3423
2021-06-17T16:52:02.238Z [winston log] [31merror[39m: 900
2021-06-17T16:52:23.263Z [winston log] [31merror[39m: wfab34assdfsfasdfASD3423
2021-06-17T16:52:23.264Z [winston log] [31merror[39m: 900
2021-06-17T16:53:28.062Z [winston log] [31merror[39m: wfab34assdfsfasdfASD3423
2021-06-17T16:53:28.063Z [winston log] [31merror[39m: 900
2021-06-17T16:55:09.403Z [winston log] [31merror[39m: wfab34assdfsfasdfASD3423
2021-06-17T16:55:09.404Z [winston log] [31merror[39m: 900
2021-06-17T16:55:26.617Z [winston log] [31merror[39m: wfab34assdfsfasdfASD3423
2021-06-17T16:55:26.618Z [winston log] [31merror[39m: 900
2021-06-17T16:55:27.295Z [winston log] [31merror[39m: wfab34assdfsfasdfASD3423
2021-06-17T16:55:27.295Z [winston log] [31merror[39m: 900
2021-06-17T16:57:24.352Z [winston log] [31merror[39m: wfab34assdfsfasdfASD3423
2021-06-17T16:57:24.354Z [winston log] [31merror[39m: 900
2021-06-17T16:57:24.904Z [winston log] [31merror[39m: wfab34assdfsfasdfASD3423
2021-06-17T16:57:24.905Z [winston log] [31merror[39m: 900
2021-06-17T16:58:03.114Z [winston log] [31merror[39m: wfab34assdfsfasdfASD3423
2021-06-17T16:58:03.114Z [winston log] [31merror[39m: 900
2021-06-17T16:58:48.791Z [winston log] [31merror[39m: wfab34assdfsfasdfASD3423
2021-06-17T16:58:48.794Z [winston log] [31merror[39m: 900
2021-06-17T16:58:49.658Z [winston log] [31merror[39m: wfab34assdfsfasdfASD3423
2021-06-17T16:58:49.659Z [winston log] [31merror[39m: 900
2021-06-17T16:59:41.713Z [winston log] [31merror[39m: wfab34assdfsfasdfASD3423
2021-06-17T16:59:41.714Z [winston log] [31merror[39m: 900
2021-06-17T16:59:42.171Z [winston log] [31merror[39m: wfab34assdfsfasdfASD3423
2021-06-17T16:59:42.171Z [winston log] [31merror[39m: 900
2021-06-17T16:59:53.490Z [winston log] [31merror[39m: wfab34assdfsfasdfASD3423
2021-06-17T16:59:53.491Z [winston log] [31merror[39m: 900
2021-06-17T16:59:53.943Z [winston log] [31merror[39m: wfab34assdfsfasdfASD3423
2021-06-17T16:59:53.944Z [winston log] [31merror[39m: 900
2021-06-17T17:00:07.693Z [winston log] [31merror[39m: wfab34assdfsfasdfASD3423
2021-06-17T17:00:07.694Z [winston log] [31merror[39m: 900
2021-06-17T17:00:29.534Z [winston log] [31merror[39m: wfab34assdfsfasdfASD3423
2021-06-17T17:00:29.535Z [winston log] [31merror[39m: 900
2021-06-17T17:01:58.933Z [winston log] [31merror[39m: wfab34assdfsfasdfASD3423
2021-06-17T17:01:58.934Z [winston log] [31merror[39m: 900
2021-06-17T17:02:10.181Z [winston log] [31merror[39m: data and hash arguments required
2021-06-17T17:02:10.958Z [winston log] [31merror[39m: data and hash arguments required
2021-06-17T17:02:11.740Z [winston log] [31merror[39m: data and hash arguments required
2021-06-17T17:02:34.822Z [winston log] [31merror[39m: data and hash arguments required
2021-06-17T17:02:34.828Z [winston log] [31merror[39m: data and hash arguments required
2021-06-17T17:02:34.834Z [winston log] [31merror[39m: data and hash arguments required
2021-06-17T17:05:55.662Z [winston log] [31merror[39m: data and hash arguments required
2021-06-17T17:07:04.586Z [winston log] [31merror[39m: data and hash arguments required
2021-06-17T17:07:05.671Z [winston log] [31merror[39m: data and hash arguments required
2021-06-17T17:10:20.448Z [winston log] [31merror[39m: data and hash arguments required
2021-06-17T17:11:59.777Z [winston log] [31merror[39m: data and hash arguments required
2021-06-17T17:12:10.073Z [winston log] [31merror[39m: data and hash arguments required
2021-06-17T17:12:43.570Z [winston log] [31merror[39m: data and hash arguments required
2021-06-17T17:13:34.993Z [winston log] [31merror[39m: data and hash arguments required
2021-06-17T17:15:48.869Z [winston log] [31merror[39m: data and hash arguments required
2021-06-17T17:15:50.274Z [winston log] [31merror[39m: data and hash arguments required
2021-06-17T17:15:51.811Z [winston log] [31merror[39m: data and hash arguments required
2021-06-17T17:15:52.970Z [winston log] [31merror[39m: data and hash arguments required
2021-06-17T17:18:57.851Z [winston log] [31merror[39m: secret is not defined
